<?xml version="1.0" encoding="UTF-8"?>
<coverage generated="1665047199060" clover="3.2.0">
  <project timestamp="1665047199060" name="All files">
    <metrics statements="9" coveredstatements="2" conditionals="0" coveredconditionals="0" methods="3" coveredmethods="1" elements="12" coveredelements="3" complexity="0" loc="9" ncloc="9" packages="1" files="2" classes="2"/>
    <file name="index.js" path="/Users/anavale/src/quote-machine/src/index.js">
      <metrics statements="7" coveredstatements="0" conditionals="0" coveredconditionals="0" methods="2" coveredmethods="0"/>
      <line num="1" count="0" type="stmt"/>
      <line num="11" count="0" type="stmt"/>
      <line num="13" count="0" type="stmt"/>
      <line num="17" count="0" type="stmt"/>
      <line num="18" count="0" type="stmt"/>
      <line num="20" count="0" type="stmt"/>
      <line num="21" count="0" type="stmt"/>
    </file>
    <file name="showName.js" path="/Users/anavale/src/quote-machine/src/showName.js">
      <metrics statements="2" coveredstatements="2" conditionals="0" coveredconditionals="0" methods="1" coveredmethods="1"/>
      <line num="2" count="1" type="stmt"/>
      <line num="5" count="1" type="stmt"/>
    </file>
  </project>
</coverage>
