{"/Users/anavale/src/quote-machine/src/index.js": {"path":"/Users/anavale/src/quote-machine/src/index.js","statementMap":{"0":{"start":{"line":1,"column":15},"end":{"line":8,"column":1}},"1":{"start":{"line":11,"column":21},"end":{"line":11,"column":62}},"2":{"start":{"line":13,"column":2},"end":{"line":13,"column":66}},"3":{"start":{"line":17,"column":16},"end":{"line":17,"column":57}},"4":{"start":{"line":18,"column":20},"end":{"line":18,"column":84}},"5":{"start":{"line":20,"column":13},"end":{"line":20,"column":51}},"6":{"start":{"line":21,"column":2},"end":{"line":21,"column":38}}},"fnMap":{"0":{"name":"newQuote","decl":{"start":{"line":10,"column":9},"end":{"line":10,"column":17}},"loc":{"start":{"line":10,"column":20},"end":{"line":14,"column":1}},"line":10},"1":{"name":"handleTweet","decl":{"start":{"line":16,"column":9},"end":{"line":16,"column":20}},"loc":{"start":{"line":16,"column":23},"end":{"line":22,"column":1}},"line":16}},"branchMap":{},"s":{"0":0,"1":0,"2":0,"3":0,"4":0,"5":0,"6":0},"f":{"0":0,"1":0},"b":{}}
,"/Users/anavale/src/quote-machine/src/showName.js": {"path":"/Users/anavale/src/quote-machine/src/showName.js","statementMap":{"0":{"start":{"line":2,"column":2},"end":{"line":2,"column":14}},"1":{"start":{"line":5,"column":0},"end":{"line":5,"column":25}}},"fnMap":{"0":{"name":"showName","decl":{"start":{"line":1,"column":9},"end":{"line":1,"column":17}},"loc":{"start":{"line":1,"column":20},"end":{"line":3,"column":1}},"line":1}},"branchMap":{},"s":{"0":1,"1":1},"f":{"0":1},"b":{},"_coverageSchema":"1a1c01bbd47fc00a2c39e90264f33305004495a9","hash":"88cff1daaf2d1e918781cd1c530768713b230b23"}
}
